{
  "uid" : "2ddea03f4eef9e67",
  "name" : "Search test",
  "fullName" : "tests.test_rrs_search.TestSearch#test_login",
  "historyId" : "c88fdcd66de3a048d2882a979fdd01f7",
  "time" : {
    "start" : 1709545147399,
    "stop" : 1709545285724,
    "duration" : 138325
  },
  "status" : "broken",
  "statusMessage" : "selenium.common.exceptions.TimeoutException: Message:",
  "statusTrace" : "self = <test_rrs_search.TestSearch object at 0x7f88b8773b00>\n\n    @allure.title(\"Search test\")\n    @allure.severity(\"Medium\")\n    @pytest.mark.smoke\n    def test_login(self):\n        self.rrs_login.open()                               # открытие страницы\n        self.rrs_login.invoices_and_orders()                # открытие стрыницы Счета заказы\n        self.rrs_login.enter_login(self.data.LOGIN)         # ввод логина\n        self.rrs_login.enter_password(self.data.PASSWORD)   # ввод пароля\n        self.rrs_login.click_submit_button()                # вход\n        self.rrs_search.search_button()                     # открытие страницы товаров\n        self.rrs_login.close_offer()                        # закрытие офера\n        self.rrs_search.enter_search_1()                    # выбор товара\n>       self.rrs_search.enter_search_2()                    # выбор товара\n\ntests/test_rrs_search.py:21: \n_ _ _ _ _ _ _ _ _ _ _ _ _ _ _ _ _ _ _ _ _ _ _ _ _ _ _ _ _ _ _ _ _ _ _ _ _ _ _ _ \npages/search_pg.py:33: in enter_search_2\n    self.wait.until(EC.element_to_be_clickable(self.ENTER_SEARCH_2)).click()\n_ _ _ _ _ _ _ _ _ _ _ _ _ _ _ _ _ _ _ _ _ _ _ _ _ _ _ _ _ _ _ _ _ _ _ _ _ _ _ _ \n\nself = <selenium.webdriver.support.wait.WebDriverWait (session=\"24b0ca00dfa3952fe81fe287b166ca65\")>\nmethod = <function element_to_be_clickable.<locals>._predicate at 0x7f88b8240220>\nmessage = ''\n\n    def until(self, method: Callable[[D], Union[Literal[False], T]], message: str = \"\") -> T:\n        \"\"\"Calls the method provided with the driver as an argument until the \\\n        return value does not evaluate to ``False``.\n    \n        :param method: callable(WebDriver)\n        :param message: optional message for :exc:`TimeoutException`\n        :returns: the result of the last call to `method`\n        :raises: :exc:`selenium.common.exceptions.TimeoutException` if timeout occurs\n        \"\"\"\n        screen = None\n        stacktrace = None\n    \n        end_time = time.monotonic() + self._timeout\n        while True:\n            try:\n                value = method(self._driver)\n                if value:\n                    return value\n            except self._ignored_exceptions as exc:\n                screen = getattr(exc, \"screen\", None)\n                stacktrace = getattr(exc, \"stacktrace\", None)\n            time.sleep(self._poll)\n            if time.monotonic() > end_time:\n                break\n>       raise TimeoutException(message, screen, stacktrace)\nE       selenium.common.exceptions.TimeoutException: Message:\n\n../local/lib/python3.12/site-packages/selenium/webdriver/support/wait.py:105: TimeoutException",
  "flaky" : false,
  "newFailed" : false,
  "beforeStages" : [ {
    "name" : "driver",
    "time" : {
      "start" : 1709545147060,
      "stop" : 1709545147399,
      "duration" : 339
    },
    "status" : "passed",
    "steps" : [ ],
    "attachments" : [ ],
    "parameters" : [ ],
    "attachmentsCount" : 0,
    "shouldDisplayMessage" : false,
    "stepsCount" : 0,
    "hasContent" : false
  }, {
    "name" : "setup",
    "time" : {
      "start" : 1709545147399,
      "stop" : 1709545147399,
      "duration" : 0
    },
    "status" : "passed",
    "steps" : [ ],
    "attachments" : [ ],
    "parameters" : [ ],
    "attachmentsCount" : 0,
    "shouldDisplayMessage" : false,
    "stepsCount" : 0,
    "hasContent" : false
  } ],
  "testStage" : {
    "status" : "broken",
    "statusMessage" : "selenium.common.exceptions.TimeoutException: Message:",
    "statusTrace" : "self = <test_rrs_search.TestSearch object at 0x7f88b8773b00>\n\n    @allure.title(\"Search test\")\n    @allure.severity(\"Medium\")\n    @pytest.mark.smoke\n    def test_login(self):\n        self.rrs_login.open()                               # открытие страницы\n        self.rrs_login.invoices_and_orders()                # открытие стрыницы Счета заказы\n        self.rrs_login.enter_login(self.data.LOGIN)         # ввод логина\n        self.rrs_login.enter_password(self.data.PASSWORD)   # ввод пароля\n        self.rrs_login.click_submit_button()                # вход\n        self.rrs_search.search_button()                     # открытие страницы товаров\n        self.rrs_login.close_offer()                        # закрытие офера\n        self.rrs_search.enter_search_1()                    # выбор товара\n>       self.rrs_search.enter_search_2()                    # выбор товара\n\ntests/test_rrs_search.py:21: \n_ _ _ _ _ _ _ _ _ _ _ _ _ _ _ _ _ _ _ _ _ _ _ _ _ _ _ _ _ _ _ _ _ _ _ _ _ _ _ _ \npages/search_pg.py:33: in enter_search_2\n    self.wait.until(EC.element_to_be_clickable(self.ENTER_SEARCH_2)).click()\n_ _ _ _ _ _ _ _ _ _ _ _ _ _ _ _ _ _ _ _ _ _ _ _ _ _ _ _ _ _ _ _ _ _ _ _ _ _ _ _ \n\nself = <selenium.webdriver.support.wait.WebDriverWait (session=\"24b0ca00dfa3952fe81fe287b166ca65\")>\nmethod = <function element_to_be_clickable.<locals>._predicate at 0x7f88b8240220>\nmessage = ''\n\n    def until(self, method: Callable[[D], Union[Literal[False], T]], message: str = \"\") -> T:\n        \"\"\"Calls the method provided with the driver as an argument until the \\\n        return value does not evaluate to ``False``.\n    \n        :param method: callable(WebDriver)\n        :param message: optional message for :exc:`TimeoutException`\n        :returns: the result of the last call to `method`\n        :raises: :exc:`selenium.common.exceptions.TimeoutException` if timeout occurs\n        \"\"\"\n        screen = None\n        stacktrace = None\n    \n        end_time = time.monotonic() + self._timeout\n        while True:\n            try:\n                value = method(self._driver)\n                if value:\n                    return value\n            except self._ignored_exceptions as exc:\n                screen = getattr(exc, \"screen\", None)\n                stacktrace = getattr(exc, \"stacktrace\", None)\n            time.sleep(self._poll)\n            if time.monotonic() > end_time:\n                break\n>       raise TimeoutException(message, screen, stacktrace)\nE       selenium.common.exceptions.TimeoutException: Message:\n\n../local/lib/python3.12/site-packages/selenium/webdriver/support/wait.py:105: TimeoutException",
    "steps" : [ {
      "name" : "Open http://raros3.ultra-production.ru page",
      "time" : {
        "start" : 1709545147399,
        "stop" : 1709545151213,
        "duration" : 3814
      },
      "status" : "passed",
      "steps" : [ ],
      "attachments" : [ ],
      "parameters" : [ ],
      "attachmentsCount" : 0,
      "shouldDisplayMessage" : false,
      "stepsCount" : 0,
      "hasContent" : false
    }, {
      "name" : "Invoices and orders",
      "time" : {
        "start" : 1709545151213,
        "stop" : 1709545151708,
        "duration" : 495
      },
      "status" : "passed",
      "steps" : [ ],
      "attachments" : [ ],
      "parameters" : [ ],
      "attachmentsCount" : 0,
      "shouldDisplayMessage" : false,
      "stepsCount" : 0,
      "hasContent" : false
    }, {
      "name" : "Enter login",
      "time" : {
        "start" : 1709545151708,
        "stop" : 1709545151772,
        "duration" : 64
      },
      "status" : "passed",
      "steps" : [ ],
      "attachments" : [ ],
      "parameters" : [ {
        "name" : "login",
        "value" : "'www.volkov9@mail.ru'"
      } ],
      "attachmentsCount" : 0,
      "shouldDisplayMessage" : false,
      "stepsCount" : 0,
      "hasContent" : true
    }, {
      "name" : "Enter password",
      "time" : {
        "start" : 1709545151772,
        "stop" : 1709545151831,
        "duration" : 59
      },
      "status" : "passed",
      "steps" : [ ],
      "attachments" : [ ],
      "parameters" : [ {
        "name" : "password",
        "value" : "'garpix911garpix'"
      } ],
      "attachmentsCount" : 0,
      "shouldDisplayMessage" : false,
      "stepsCount" : 0,
      "hasContent" : true
    }, {
      "name" : "Click on submit button",
      "time" : {
        "start" : 1709545151831,
        "stop" : 1709545153439,
        "duration" : 1608
      },
      "status" : "passed",
      "steps" : [ ],
      "attachments" : [ ],
      "parameters" : [ ],
      "attachmentsCount" : 0,
      "shouldDisplayMessage" : false,
      "stepsCount" : 0,
      "hasContent" : false
    }, {
      "name" : "search button",
      "time" : {
        "start" : 1709545153439,
        "stop" : 1709545154872,
        "duration" : 1433
      },
      "status" : "passed",
      "steps" : [ ],
      "attachments" : [ ],
      "parameters" : [ ],
      "attachmentsCount" : 0,
      "shouldDisplayMessage" : false,
      "stepsCount" : 0,
      "hasContent" : false
    }, {
      "name" : "Close offer",
      "time" : {
        "start" : 1709545154872,
        "stop" : 1709545154923,
        "duration" : 51
      },
      "status" : "passed",
      "steps" : [ ],
      "attachments" : [ ],
      "parameters" : [ ],
      "attachmentsCount" : 0,
      "shouldDisplayMessage" : false,
      "stepsCount" : 0,
      "hasContent" : false
    }, {
      "name" : "enter search 1 button",
      "time" : {
        "start" : 1709545154923,
        "stop" : 1709545154973,
        "duration" : 50
      },
      "status" : "passed",
      "steps" : [ ],
      "attachments" : [ ],
      "parameters" : [ ],
      "attachmentsCount" : 0,
      "shouldDisplayMessage" : false,
      "stepsCount" : 0,
      "hasContent" : false
    }, {
      "name" : "enter search 1 button",
      "time" : {
        "start" : 1709545154973,
        "stop" : 1709545285723,
        "duration" : 130750
      },
      "status" : "broken",
      "statusMessage" : "selenium.common.exceptions.TimeoutException: Message: \n\n",
      "statusTrace" : "  File \"/usr/local/lib/python3.12/site-packages/allure_commons/_allure.py\", line 192, in impl\n    return func(*a, **kw)\n           ^^^^^^^^^^^^^^\n  File \"/usr/workspace/pages/search_pg.py\", line 33, in enter_search_2\n    self.wait.until(EC.element_to_be_clickable(self.ENTER_SEARCH_2)).click()\n    ^^^^^^^^^^^^^^^^^^^^^^^^^^^^^^^^^^^^^^^^^^^^^^^^^^^^^^^^^^^^^^^^\n  File \"/usr/local/lib/python3.12/site-packages/selenium/webdriver/support/wait.py\", line 105, in until\n    raise TimeoutException(message, screen, stacktrace)\n",
      "steps" : [ ],
      "attachments" : [ ],
      "parameters" : [ ],
      "attachmentsCount" : 0,
      "shouldDisplayMessage" : true,
      "stepsCount" : 0,
      "hasContent" : true
    } ],
    "attachments" : [ ],
    "parameters" : [ ],
    "attachmentsCount" : 0,
    "shouldDisplayMessage" : true,
    "stepsCount" : 9,
    "hasContent" : true
  },
  "afterStages" : [ {
    "name" : "driver::0",
    "time" : {
      "start" : 1709545285730,
      "stop" : 1709545285787,
      "duration" : 57
    },
    "status" : "passed",
    "steps" : [ ],
    "attachments" : [ ],
    "parameters" : [ ],
    "attachmentsCount" : 0,
    "shouldDisplayMessage" : false,
    "stepsCount" : 0,
    "hasContent" : false
  } ],
  "labels" : [ {
    "name" : "feature",
    "value" : "Search"
  }, {
    "name" : "severity",
    "value" : "Medium"
  }, {
    "name" : "tag",
    "value" : "smoke"
  }, {
    "name" : "parentSuite",
    "value" : "tests"
  }, {
    "name" : "suite",
    "value" : "test_rrs_search"
  }, {
    "name" : "subSuite",
    "value" : "TestSearch"
  }, {
    "name" : "host",
    "value" : "15adb0571a0d"
  }, {
    "name" : "thread",
    "value" : "1-MainThread"
  }, {
    "name" : "framework",
    "value" : "pytest"
  }, {
    "name" : "language",
    "value" : "cpython3"
  }, {
    "name" : "package",
    "value" : "tests.test_rrs_search"
  }, {
    "name" : "resultFormat",
    "value" : "allure2"
  } ],
  "parameters" : [ ],
  "links" : [ ],
  "hidden" : false,
  "retry" : false,
  "extra" : {
    "severity" : "normal",
    "retries" : [ ],
    "categories" : [ {
      "name" : "Test defects",
      "matchedStatuses" : [ ],
      "flaky" : false
    } ],
    "history" : {
      "statistic" : {
        "failed" : 0,
        "broken" : 2,
        "skipped" : 0,
        "passed" : 3,
        "unknown" : 0,
        "total" : 5
      },
      "items" : [ {
        "uid" : "82072eb1529e1d51",
        "status" : "passed",
        "time" : {
          "start" : 1709544874328,
          "stop" : 1709544881982,
          "duration" : 7654
        }
      }, {
        "uid" : "18a28ff7d34885c4",
        "status" : "broken",
        "statusDetails" : "selenium.common.exceptions.WebDriverException: Message: unknown error: Chrome failed to start: exited abnormally.\n  (unknown error: DevToolsActivePort file doesn't exist)\n  (The process started from chrome location /usr/bin/chromium-browser is no longer running, so ChromeDriver is assuming that Chrome has crashed.)",
        "time" : {
          "start" : 1709544656055,
          "stop" : 1709544656055,
          "duration" : 0
        }
      }, {
        "uid" : "4c9db0b8b6d64527",
        "status" : "passed",
        "time" : {
          "start" : 1709543107360,
          "stop" : 1709543116000,
          "duration" : 8640
        }
      }, {
        "uid" : "a3037c7f42aeffd2",
        "status" : "passed",
        "time" : {
          "start" : 1709542841879,
          "stop" : 1709542850561,
          "duration" : 8682
        }
      } ]
    },
    "tags" : [ "smoke" ]
  },
  "source" : "2ddea03f4eef9e67.json",
  "parameterValues" : [ ]
}