{
  "uid" : "7a038de193e3d32f",
  "name" : "Admin test",
  "fullName" : "tests.test_rrs_admin.TestAdmin#test_login",
  "historyId" : "275dd22749e08fb0da5462ae99fdae0b",
  "time" : {
    "start" : 1709546073349,
    "stop" : 1709546098242,
    "duration" : 24893
  },
  "status" : "broken",
  "statusMessage" : "AttributeError: module 'selenium.webdriver.support.expected_conditions' has no attribute 'find_element_by_tag_name'",
  "statusTrace" : "self = <test_rrs_admin.TestAdmin object at 0x7fa0f7c74bc0>\n\n    @allure.title(\"Admin test\")\n    @allure.severity(\"Medium\")\n    @pytest.mark.smoke\n    def test_login(self):\n        self.rrs_admin.open()                               # открытие страницы\n        self.rrs_admin.enter_login(self.data.LOGIN_A)         # ввод логина\n        self.rrs_admin.enter_password(self.data.PASSWORD_A)   # ввод пароля\n        self.rrs_admin.click_submit_button()                # нажатие на кнопку входа\n        self.rrs_admin.drop_down_list()                     # нажатие на выпадающий список\n        self.rrs_admin.report()                             # нажатие на отчет\n        self.rrs_admin.suppliers_report()                   # выбор нужного отчета\n        self.rrs_admin.add_report()                         # создание нового отчета\n        self.rrs_admin.data_input_start('01.02.2024')           # ввод даты\n        self.rrs_admin.timer_enter_start()                  # выбор времени\n        self.rrs_admin.data_input_end('29.02.2024')          # ввод даты\n        self.rrs_admin.timer_enter_and()                    # выбор времени\n        self.rrs_admin.scrol_down()                         # скролл\n        self.rrs_admin.suppliers_all()                      # все поставщики\n        self.rrs_admin.enter_report()                       # нажатие формирование отчета\n        self.rrs_admin.spiner()                             # ожидание когда пропадёт спинер\n        self.rrs_admin.scrol_down()                         # скролл вниз\n        self.rrs_admin.make_screenshot(\"Screenshot\")\n        self.rrs_admin.export()                             # нажатие на экспорт\n>       self.rrs_admin.enter()                              # нажатие на enter Не знаю как заставить линукс понимать нажатие на эентер\n\ntests/test_rrs_admin.py:31: \n_ _ _ _ _ _ _ _ _ _ _ _ _ _ _ _ _ _ _ _ _ _ _ _ _ _ _ _ _ _ _ _ _ _ _ _ _ _ _ _ \n\nself = <pages.admin_pg.RrsAdminPage object at 0x7fa0f82bd790>\n\n    @allure.step(\"Click enter\")\n    def enter(self):\n>       self.wait.until(EC.find_element_by_tag_name('body').send_keys(Keys.ENTER))\nE       AttributeError: module 'selenium.webdriver.support.expected_conditions' has no attribute 'find_element_by_tag_name'\n\npages/admin_pg.py:112: AttributeError",
  "flaky" : false,
  "newFailed" : false,
  "beforeStages" : [ {
    "name" : "driver",
    "time" : {
      "start" : 1709546072988,
      "stop" : 1709546073349,
      "duration" : 361
    },
    "status" : "passed",
    "steps" : [ ],
    "attachments" : [ ],
    "parameters" : [ ],
    "attachmentsCount" : 0,
    "shouldDisplayMessage" : false,
    "stepsCount" : 0,
    "hasContent" : false
  }, {
    "name" : "setup",
    "time" : {
      "start" : 1709546073349,
      "stop" : 1709546073349,
      "duration" : 0
    },
    "status" : "passed",
    "steps" : [ ],
    "attachments" : [ ],
    "parameters" : [ ],
    "attachmentsCount" : 0,
    "shouldDisplayMessage" : false,
    "stepsCount" : 0,
    "hasContent" : false
  } ],
  "testStage" : {
    "status" : "broken",
    "statusMessage" : "AttributeError: module 'selenium.webdriver.support.expected_conditions' has no attribute 'find_element_by_tag_name'",
    "statusTrace" : "self = <test_rrs_admin.TestAdmin object at 0x7fa0f7c74bc0>\n\n    @allure.title(\"Admin test\")\n    @allure.severity(\"Medium\")\n    @pytest.mark.smoke\n    def test_login(self):\n        self.rrs_admin.open()                               # открытие страницы\n        self.rrs_admin.enter_login(self.data.LOGIN_A)         # ввод логина\n        self.rrs_admin.enter_password(self.data.PASSWORD_A)   # ввод пароля\n        self.rrs_admin.click_submit_button()                # нажатие на кнопку входа\n        self.rrs_admin.drop_down_list()                     # нажатие на выпадающий список\n        self.rrs_admin.report()                             # нажатие на отчет\n        self.rrs_admin.suppliers_report()                   # выбор нужного отчета\n        self.rrs_admin.add_report()                         # создание нового отчета\n        self.rrs_admin.data_input_start('01.02.2024')           # ввод даты\n        self.rrs_admin.timer_enter_start()                  # выбор времени\n        self.rrs_admin.data_input_end('29.02.2024')          # ввод даты\n        self.rrs_admin.timer_enter_and()                    # выбор времени\n        self.rrs_admin.scrol_down()                         # скролл\n        self.rrs_admin.suppliers_all()                      # все поставщики\n        self.rrs_admin.enter_report()                       # нажатие формирование отчета\n        self.rrs_admin.spiner()                             # ожидание когда пропадёт спинер\n        self.rrs_admin.scrol_down()                         # скролл вниз\n        self.rrs_admin.make_screenshot(\"Screenshot\")\n        self.rrs_admin.export()                             # нажатие на экспорт\n>       self.rrs_admin.enter()                              # нажатие на enter Не знаю как заставить линукс понимать нажатие на эентер\n\ntests/test_rrs_admin.py:31: \n_ _ _ _ _ _ _ _ _ _ _ _ _ _ _ _ _ _ _ _ _ _ _ _ _ _ _ _ _ _ _ _ _ _ _ _ _ _ _ _ \n\nself = <pages.admin_pg.RrsAdminPage object at 0x7fa0f82bd790>\n\n    @allure.step(\"Click enter\")\n    def enter(self):\n>       self.wait.until(EC.find_element_by_tag_name('body').send_keys(Keys.ENTER))\nE       AttributeError: module 'selenium.webdriver.support.expected_conditions' has no attribute 'find_element_by_tag_name'\n\npages/admin_pg.py:112: AttributeError",
    "steps" : [ {
      "name" : "Open http://raros3.ultra-production.ru/admin page",
      "time" : {
        "start" : 1709546073349,
        "stop" : 1709546074527,
        "duration" : 1178
      },
      "status" : "passed",
      "steps" : [ ],
      "attachments" : [ ],
      "parameters" : [ ],
      "attachmentsCount" : 0,
      "shouldDisplayMessage" : false,
      "stepsCount" : 0,
      "hasContent" : false
    }, {
      "name" : "Enter login",
      "time" : {
        "start" : 1709546074527,
        "stop" : 1709546074578,
        "duration" : 51
      },
      "status" : "passed",
      "steps" : [ ],
      "attachments" : [ ],
      "parameters" : [ {
        "name" : "login",
        "value" : "'garpixadmin'"
      } ],
      "attachmentsCount" : 0,
      "shouldDisplayMessage" : false,
      "stepsCount" : 0,
      "hasContent" : true
    }, {
      "name" : "Enter password",
      "time" : {
        "start" : 1709546074578,
        "stop" : 1709546074636,
        "duration" : 58
      },
      "status" : "passed",
      "steps" : [ ],
      "attachments" : [ ],
      "parameters" : [ {
        "name" : "password",
        "value" : "'4HA65rdTmGrLswHf'"
      } ],
      "attachmentsCount" : 0,
      "shouldDisplayMessage" : false,
      "stepsCount" : 0,
      "hasContent" : true
    }, {
      "name" : "Click on submit button",
      "time" : {
        "start" : 1709546074636,
        "stop" : 1709546076942,
        "duration" : 2306
      },
      "status" : "passed",
      "steps" : [ ],
      "attachments" : [ ],
      "parameters" : [ ],
      "attachmentsCount" : 0,
      "shouldDisplayMessage" : false,
      "stepsCount" : 0,
      "hasContent" : false
    }, {
      "name" : "Drop down list",
      "time" : {
        "start" : 1709546076942,
        "stop" : 1709546076985,
        "duration" : 43
      },
      "status" : "passed",
      "steps" : [ ],
      "attachments" : [ ],
      "parameters" : [ ],
      "attachmentsCount" : 0,
      "shouldDisplayMessage" : false,
      "stepsCount" : 0,
      "hasContent" : false
    }, {
      "name" : "Reports",
      "time" : {
        "start" : 1709546076985,
        "stop" : 1709546077779,
        "duration" : 794
      },
      "status" : "passed",
      "steps" : [ ],
      "attachments" : [ ],
      "parameters" : [ ],
      "attachmentsCount" : 0,
      "shouldDisplayMessage" : false,
      "stepsCount" : 0,
      "hasContent" : false
    }, {
      "name" : "Suppliers report",
      "time" : {
        "start" : 1709546077779,
        "stop" : 1709546079049,
        "duration" : 1270
      },
      "status" : "passed",
      "steps" : [ ],
      "attachments" : [ ],
      "parameters" : [ ],
      "attachmentsCount" : 0,
      "shouldDisplayMessage" : false,
      "stepsCount" : 0,
      "hasContent" : false
    }, {
      "name" : "Add report",
      "time" : {
        "start" : 1709546079049,
        "stop" : 1709546080196,
        "duration" : 1147
      },
      "status" : "passed",
      "steps" : [ ],
      "attachments" : [ ],
      "parameters" : [ ],
      "attachmentsCount" : 0,
      "shouldDisplayMessage" : false,
      "stepsCount" : 0,
      "hasContent" : false
    }, {
      "name" : "Data input start",
      "time" : {
        "start" : 1709546080196,
        "stop" : 1709546080251,
        "duration" : 55
      },
      "status" : "passed",
      "steps" : [ ],
      "attachments" : [ ],
      "parameters" : [ {
        "name" : "data_start",
        "value" : "'01.02.2024'"
      } ],
      "attachmentsCount" : 0,
      "shouldDisplayMessage" : false,
      "stepsCount" : 0,
      "hasContent" : true
    }, {
      "name" : "Timer enter start",
      "time" : {
        "start" : 1709546080252,
        "stop" : 1709546080304,
        "duration" : 52
      },
      "status" : "passed",
      "steps" : [ ],
      "attachments" : [ ],
      "parameters" : [ ],
      "attachmentsCount" : 0,
      "shouldDisplayMessage" : false,
      "stepsCount" : 0,
      "hasContent" : false
    }, {
      "name" : "Data input end",
      "time" : {
        "start" : 1709546080304,
        "stop" : 1709546080362,
        "duration" : 58
      },
      "status" : "passed",
      "steps" : [ ],
      "attachments" : [ ],
      "parameters" : [ {
        "name" : "data_and",
        "value" : "'29.02.2024'"
      } ],
      "attachmentsCount" : 0,
      "shouldDisplayMessage" : false,
      "stepsCount" : 0,
      "hasContent" : true
    }, {
      "name" : "Timer enter end",
      "time" : {
        "start" : 1709546080362,
        "stop" : 1709546080406,
        "duration" : 44
      },
      "status" : "passed",
      "steps" : [ ],
      "attachments" : [ ],
      "parameters" : [ ],
      "attachmentsCount" : 0,
      "shouldDisplayMessage" : false,
      "stepsCount" : 0,
      "hasContent" : false
    }, {
      "name" : "Scrol http://raros3.ultra-production.ru/admin page",
      "time" : {
        "start" : 1709546080406,
        "stop" : 1709546080410,
        "duration" : 4
      },
      "status" : "passed",
      "steps" : [ ],
      "attachments" : [ ],
      "parameters" : [ ],
      "attachmentsCount" : 0,
      "shouldDisplayMessage" : false,
      "stepsCount" : 0,
      "hasContent" : false
    }, {
      "name" : "Suppliers all",
      "time" : {
        "start" : 1709546080410,
        "stop" : 1709546080474,
        "duration" : 64
      },
      "status" : "passed",
      "steps" : [ ],
      "attachments" : [ ],
      "parameters" : [ ],
      "attachmentsCount" : 0,
      "shouldDisplayMessage" : false,
      "stepsCount" : 0,
      "hasContent" : false
    }, {
      "name" : "Enter report",
      "time" : {
        "start" : 1709546080474,
        "stop" : 1709546081755,
        "duration" : 1281
      },
      "status" : "passed",
      "steps" : [ ],
      "attachments" : [ ],
      "parameters" : [ ],
      "attachmentsCount" : 0,
      "shouldDisplayMessage" : false,
      "stepsCount" : 0,
      "hasContent" : false
    }, {
      "name" : "Spiner",
      "time" : {
        "start" : 1709546081755,
        "stop" : 1709546097988,
        "duration" : 16233
      },
      "status" : "passed",
      "steps" : [ ],
      "attachments" : [ ],
      "parameters" : [ ],
      "attachmentsCount" : 0,
      "shouldDisplayMessage" : false,
      "stepsCount" : 0,
      "hasContent" : false
    }, {
      "name" : "Scrol http://raros3.ultra-production.ru/admin page",
      "time" : {
        "start" : 1709546097988,
        "stop" : 1709546098002,
        "duration" : 14
      },
      "status" : "passed",
      "steps" : [ ],
      "attachments" : [ ],
      "parameters" : [ ],
      "attachmentsCount" : 0,
      "shouldDisplayMessage" : false,
      "stepsCount" : 0,
      "hasContent" : false
    }, {
      "name" : "Export report",
      "time" : {
        "start" : 1709546098177,
        "stop" : 1709546098238,
        "duration" : 61
      },
      "status" : "passed",
      "steps" : [ ],
      "attachments" : [ ],
      "parameters" : [ ],
      "attachmentsCount" : 0,
      "shouldDisplayMessage" : false,
      "stepsCount" : 0,
      "hasContent" : false
    }, {
      "name" : "Click enter",
      "time" : {
        "start" : 1709546098238,
        "stop" : 1709546098238,
        "duration" : 0
      },
      "status" : "broken",
      "statusMessage" : "AttributeError: module 'selenium.webdriver.support.expected_conditions' has no attribute 'find_element_by_tag_name'\n",
      "statusTrace" : "  File \"/usr/local/lib/python3.12/site-packages/allure_commons/_allure.py\", line 192, in impl\n    return func(*a, **kw)\n           ^^^^^^^^^^^^^^\n  File \"/usr/workspace/pages/admin_pg.py\", line 112, in enter\n    self.wait.until(EC.find_element_by_tag_name('body').send_keys(Keys.ENTER))\n                    ^^^^^^^^^^^^^^^^^^^^^^^^^^^\n",
      "steps" : [ ],
      "attachments" : [ ],
      "parameters" : [ ],
      "attachmentsCount" : 0,
      "shouldDisplayMessage" : true,
      "stepsCount" : 0,
      "hasContent" : true
    } ],
    "attachments" : [ {
      "uid" : "d7557da1a18ce4e2",
      "name" : "Screenshot",
      "source" : "d7557da1a18ce4e2.png",
      "type" : "image/png",
      "size" : 71962
    } ],
    "parameters" : [ ],
    "attachmentsCount" : 1,
    "shouldDisplayMessage" : true,
    "stepsCount" : 19,
    "hasContent" : true
  },
  "afterStages" : [ {
    "name" : "driver::0",
    "time" : {
      "start" : 1709546098280,
      "stop" : 1709546098365,
      "duration" : 85
    },
    "status" : "passed",
    "steps" : [ ],
    "attachments" : [ ],
    "parameters" : [ ],
    "attachmentsCount" : 0,
    "shouldDisplayMessage" : false,
    "stepsCount" : 0,
    "hasContent" : false
  } ],
  "labels" : [ {
    "name" : "severity",
    "value" : "Medium"
  }, {
    "name" : "feature",
    "value" : "Admin"
  }, {
    "name" : "tag",
    "value" : "smoke"
  }, {
    "name" : "parentSuite",
    "value" : "tests"
  }, {
    "name" : "suite",
    "value" : "test_rrs_admin"
  }, {
    "name" : "subSuite",
    "value" : "TestAdmin"
  }, {
    "name" : "host",
    "value" : "2fbb03fcf50e"
  }, {
    "name" : "thread",
    "value" : "1-MainThread"
  }, {
    "name" : "framework",
    "value" : "pytest"
  }, {
    "name" : "language",
    "value" : "cpython3"
  }, {
    "name" : "package",
    "value" : "tests.test_rrs_admin"
  }, {
    "name" : "resultFormat",
    "value" : "allure2"
  } ],
  "parameters" : [ ],
  "links" : [ ],
  "hidden" : false,
  "retry" : false,
  "extra" : {
    "severity" : "normal",
    "retries" : [ ],
    "categories" : [ {
      "name" : "Test defects",
      "matchedStatuses" : [ ],
      "flaky" : false
    } ],
    "history" : {
      "statistic" : {
        "failed" : 0,
        "broken" : 6,
        "skipped" : 0,
        "passed" : 0,
        "unknown" : 0,
        "total" : 6
      },
      "items" : [ {
        "uid" : "abcfe87ddf7f6398",
        "status" : "broken",
        "statusDetails" : "selenium.common.exceptions.TimeoutException: Message:",
        "time" : {
          "start" : 1709545786537,
          "stop" : 1709545918962,
          "duration" : 132425
        }
      }, {
        "uid" : "af4417b17c58decc",
        "status" : "broken",
        "statusDetails" : "FileNotFoundError: [Errno 2] No such file or directory: 'dumpkeys'",
        "time" : {
          "start" : 1709545110817,
          "stop" : 1709545138506,
          "duration" : 27689
        }
      }, {
        "uid" : "6c61660440b8e4fa",
        "status" : "broken",
        "statusDetails" : "FileNotFoundError: [Errno 2] No such file or directory: 'dumpkeys'",
        "time" : {
          "start" : 1709544843845,
          "stop" : 1709544868603,
          "duration" : 24758
        }
      }, {
        "uid" : "2f35c739fbea224a",
        "status" : "broken",
        "statusDetails" : "selenium.common.exceptions.WebDriverException: Message: unknown error: Chrome failed to start: exited abnormally.\n  (unknown error: DevToolsActivePort file doesn't exist)\n  (The process started from chrome location /usr/bin/chromium-browser is no longer running, so ChromeDriver is assuming that Chrome has crashed.)",
        "time" : {
          "start" : 1709544655298,
          "stop" : 1709544655298,
          "duration" : 0
        }
      }, {
        "uid" : "bb892292f3376cee",
        "status" : "broken",
        "statusDetails" : "FileNotFoundError: [Errno 2] No such file or directory: 'dumpkeys'",
        "time" : {
          "start" : 1709543077004,
          "stop" : 1709543101953,
          "duration" : 24949
        }
      } ]
    },
    "tags" : [ "smoke" ]
  },
  "source" : "7a038de193e3d32f.json",
  "parameterValues" : [ ]
}